<?xml version="1.0" encoding="UTF-8"?>
<!-- Generated by org.testng.reporters.JUnitReportReporter -->
<testsuite skipped="0" hostname="linux" name="com.automationpractice.scripts.ProductSearchPageTest" tests="2" failures="0" timestamp="21 May 2019 19:56:05 GMT" time="24.733" errors="0">
  <testcase name="productSearch" time="12.061" classname="com.automationpractice.scripts.ProductSearchPageTest"/>
  <testcase name="productSearchResult" time="12.672" classname="com.automationpractice.scripts.ProductSearchPageTest"/>
</testsuite> <!-- com.automationpractice.scripts.ProductSearchPageTest -->
