<?xml version="1.0" encoding="UTF-8"?>
<!-- Generated by org.testng.reporters.JUnitReportReporter -->
<testsuite skipped="0" hostname="linux" name="com.automationpractice.scripts.LandingPageTest" tests="1" failures="0" timestamp="21 May 2019 19:56:05 GMT" time="15.289" errors="0">
  <testcase name="isWebpageLoaded" time="15.289" classname="com.automationpractice.scripts.LandingPageTest"/>
</testsuite> <!-- com.automationpractice.scripts.LandingPageTest -->
