<?xml version="1.0" encoding="UTF-8"?>
<!-- Generated by org.testng.reporters.JUnitReportReporter -->
<testsuite skipped="0" hostname="DESKTOP-EBMHSGA" name="com.automationpractice.scripts.SignInPageTest" tests="2" failures="0" timestamp="24 Jan 2019 18:19:22 GMT" time="34.242" errors="0">
  <testcase name="validateLoginPageIsDisplayed" time="14.408" classname="com.automationpractice.scripts.SignInPageTest"/>
  <testcase name="validateLogin" time="19.834" classname="com.automationpractice.scripts.SignInPageTest"/>
</testsuite> <!-- com.automationpractice.scripts.SignInPageTest -->
