<?xml version="1.0" encoding="UTF-8"?>
<!-- Generated by org.testng.reporters.JUnitReportReporter -->
<testsuite skipped="0" hostname="linux" name="com.automationpractice.scripts.SignInPageTest" tests="2" failures="0" timestamp="21 May 2019 19:56:05 GMT" time="33.477" errors="0">
  <testcase name="validateLoginPageIsDisplayed" time="14.802" classname="com.automationpractice.scripts.SignInPageTest"/>
  <testcase name="validateLogin" time="18.675" classname="com.automationpractice.scripts.SignInPageTest"/>
</testsuite> <!-- com.automationpractice.scripts.SignInPageTest -->
