<?xml version="1.0" encoding="UTF-8"?>
<!-- Generated by org.testng.reporters.JUnitReportReporter -->
<testsuite skipped="0" hostname="DESKTOP-EBMHSGA" name="com.automationpractice.scripts.ProductSearchPageTest" tests="2" failures="0" timestamp="24 Jan 2019 18:19:22 GMT" time="31.750" errors="0">
  <testcase name="productSearch" time="16.469" classname="com.automationpractice.scripts.ProductSearchPageTest"/>
  <testcase name="productSearchResult" time="15.281" classname="com.automationpractice.scripts.ProductSearchPageTest"/>
</testsuite> <!-- com.automationpractice.scripts.ProductSearchPageTest -->
