<?xml version="1.0" encoding="UTF-8"?>
<!-- Generated by org.testng.reporters.JUnitReportReporter -->
<testsuite skipped="0" hostname="DESKTOP-EBMHSGA" name="com.automationpractice.scripts.LandingPageTest" tests="1" failures="0" timestamp="24 Jan 2019 18:19:22 GMT" time="20.960" errors="0">
  <testcase name="isWebpageLoaded" time="20.960" classname="com.automationpractice.scripts.LandingPageTest"/>
</testsuite> <!-- com.automationpractice.scripts.LandingPageTest -->
